Revision 2 audited batch runner
root: /Users/udit/Documents/Shekhar_Nature/revision_2
python: python3
mode: full
timestamp_utc: 2026-04-18T13:39:30Z

==> Trade-stage normalization from audited checkout
rice_trade_normalized	/Users/udit/Documents/Shekhar_Nature/revision_2/_audit/Nitrogen-Surplus-restructuring/outputs/generated/trade_stage/rice_trade_normalized.csv
wheat_trade_normalized	/Users/udit/Documents/Shekhar_Nature/revision_2/_audit/Nitrogen-Surplus-restructuring/outputs/generated/trade_stage/wheat_trade_normalized.csv
jowar_bajra_grouped	/Users/udit/Documents/Shekhar_Nature/revision_2/_audit/Nitrogen-Surplus-restructuring/outputs/generated/trade_stage/jowar_bajra_grouped.csv
millet_maize_grouped	/Users/udit/Documents/Shekhar_Nature/revision_2/_audit/Nitrogen-Surplus-restructuring/outputs/generated/trade_stage/millet_maize_grouped.csv
jowar_bajra_mean_qtl_2016_2018	/Users/udit/Documents/Shekhar_Nature/revision_2/_audit/Nitrogen-Surplus-restructuring/outputs/generated/trade_stage/jowar_bajra_mean_qtl_2016_2018.csv
millet_maize_mean_qtl_2016_2018	/Users/udit/Documents/Shekhar_Nature/revision_2/_audit/Nitrogen-Surplus-restructuring/outputs/generated/trade_stage/millet_maize_mean_qtl_2016_2018.csv
jowar_bajra_mean_kcal_2016_2018	/Users/udit/Documents/Shekhar_Nature/revision_2/_audit/Nitrogen-Surplus-restructuring/outputs/generated/trade_stage/jowar_bajra_mean_kcal_2016_2018.csv
millet_maize_mean_kcal_2016_2018	/Users/udit/Documents/Shekhar_Nature/revision_2/_audit/Nitrogen-Surplus-restructuring/outputs/generated/trade_stage/millet_maize_mean_kcal_2016_2018.csv
baseline_production_2017	/Users/udit/Documents/Shekhar_Nature/revision_2/_audit/Nitrogen-Surplus-restructuring/outputs/generated/trade_stage/baseline_production_2017.csv
generated_dependency_status	/Users/udit/Documents/Shekhar_Nature/revision_2/_audit/Nitrogen-Surplus-restructuring/outputs/generated/trade_stage/generated_dependency_status.csv
optimized_production_total	/Users/udit/Documents/Shekhar_Nature/revision_2/_audit/Nitrogen-Surplus-restructuring/outputs/generated/trade_stage/optimized_production_total.csv

==> Figure 1 audited reproduction
figure1_png	/Users/udit/Documents/Shekhar_Nature/revision_2/_audit/Nitrogen-Surplus-restructuring/outputs/generated/figure1/figure1_reproduced.png
figure1_pdf	/Users/udit/Documents/Shekhar_Nature/revision_2/_audit/Nitrogen-Surplus-restructuring/outputs/generated/figure1/figure1_reproduced.pdf
panel_abc_joined	/Users/udit/Documents/Shekhar_Nature/revision_2/_audit/Nitrogen-Surplus-restructuring/outputs/generated/figure1/figure1_panel_abc_joined.csv
panel_d_state_area	/Users/udit/Documents/Shekhar_Nature/revision_2/_audit/Nitrogen-Surplus-restructuring/outputs/generated/figure1/figure1_panel_d_state_area.csv
district_coverage	/Users/udit/Documents/Shekhar_Nature/revision_2/_audit/Nitrogen-Surplus-restructuring/outputs/generated/figure1/figure1_district_coverage.csv
summary	/Users/udit/Documents/Shekhar_Nature/revision_2/_audit/Nitrogen-Surplus-restructuring/outputs/generated/figure1/figure1_reproduction_summary.md

==> Figure 2(a) approved no-hard-cap rebuild assets
All NaN values filled
Original Total Nitrogen Applied kg: 7073088064.064436
Original Total Nitrogen Surplus generated kg: 5235454712.077641
Original Total Nitrogen leach generated kg: 1662459417.7971733
Original Total Nitrogen emission generated kg: 181665238.16952574
Original Total phosphorus Applied kg: 2423340912.760707
Original Total phosphorus Surplus generated kg: 2007332811.103106
Original Total water Applied: 357578043601.2223
<class 'pandas.DataFrame'>
RangeIndex: 16560 entries, 0 to 16559
Data columns (total 23 columns):
 #   Column                         Non-Null Count  Dtype  
---  ------                         --------------  -----  
 0   Unnamed: 0                     16560 non-null  int64  
 1   state                          16560 non-null  str    
 2   district                       16553 non-null  str    
 3   Year                           16560 non-null  int64  
 4   Season                         16560 non-null  str    
 5   crop                           16560 non-null  str    
 6   Area (Hectare)                 16560 non-null  float64
 7   Production (Tonnes)            16560 non-null  float64
 8   Yield (Tonnes/Hectare)         16560 non-null  float64
 9   N_applied(kg/ha)               11860 non-null  float64
 10  P_applied(kg/ha)               11860 non-null  float64
 11  K_applied(kg/ha)               11860 non-null  float64
 12  Manure (kg/ha)                 11860 non-null  float64
 13  calorie_per_100g               16560 non-null  int64  
 14  MSP_RsperQntl                  13115 non-null  float64
 15  CostofCultivation_rs_ha        5114 non-null   float64
 16  CWR_y                          12486 non-null  float64
 17  CWU green_y                    12486 non-null  float64
 18  CWU blue_y                     12486 non-null  float64
 19  CWR m3/ha                      12486 non-null  float64
 20  CWU green m3/ha                12486 non-null  float64
 21  CWU blue m3/ha                 12486 non-null  float64
 22  Cost_of_Production_rs_Quintal  3156 non-null   float64
dtypes: float64(16), int64(3), str(4)
memory usage: 2.9 MB
All NaN values filled
Original Total Nitrogen Applied kg: 5698688422.457742
Original Total Nitrogen Surplus generated kg: 2973158456.2557416
Original Total Nitrogen leach generated kg: 694712008.0456555
Original Total Nitrogen emission generated kg: 103722360.61934204
Original Total phosphorus Applied kg: 2116092844.3201163
Original Total phosphorus Surplus generated kg: 1550559011.9881208
Original Total water Applied: 106481488741.27083
kharif_csv: /Users/udit/Documents/Shekhar_Nature/revision_2/_audit/Nitrogen-Surplus-restructuring/outputs/generated/figure2a_no_historical_cap_core/kharif_by_alpha.csv
rabi_csv: /Users/udit/Documents/Shekhar_Nature/revision_2/_audit/Nitrogen-Surplus-restructuring/outputs/generated/figure2a_no_historical_cap_core/rabi_by_alpha.csv
combined_csv: /Users/udit/Documents/Shekhar_Nature/revision_2/_audit/Nitrogen-Surplus-restructuring/outputs/generated/figure2a_no_historical_cap_core/combined_by_alpha.csv
summary_md: /Users/udit/Documents/Shekhar_Nature/revision_2/_audit/Nitrogen-Surplus-restructuring/outputs/generated/figure2a_no_historical_cap_core/figure2a_clean_rebuild_summary.md
plot_png: /Users/udit/Documents/Shekhar_Nature/revision_2/_audit/Nitrogen-Surplus-restructuring/outputs/generated/figure2a_no_historical_cap_core/figure2a_clean_rebuild_pct_2017_baseline.png
plot_pdf: /Users/udit/Documents/Shekhar_Nature/revision_2/_audit/Nitrogen-Surplus-restructuring/outputs/generated/figure2a_no_historical_cap_core/figure2a_clean_rebuild_pct_2017_baseline.pdf
copied_pct_pdf: /Users/udit/Documents/Shekhar_Nature/revision_2/figures/manuscript_final/figure2a_no_historical_cap_core_pct_2017_baseline.pdf
copied_pct_png: /Users/udit/Documents/Shekhar_Nature/revision_2/figures/manuscript_final/figure2a_no_historical_cap_core_pct_2017_baseline.png

==> Figure 2(b) deterministic endpoints

==> Figure 2(b) bootstrap summary

==> Figure 2(b) approved all-metric whisker panel

==> Figure 2(c) state-retention panel
All NaN values filled
All NaN values filled

==> Figure 2(d) no-hard-cap core transition panel

==> Figure 2 composite assembly

==> Figure 3(a) state-area panel

==> Figure 3(b-c) trade-network panels

==> Figure 3 composite assembly

==> Reviewer 6 seasonal substitution audit
/Users/udit/Documents/Shekhar_Nature/revision_2/figures/manuscript_final/si_s19_seasonal_substitution_audit.png
/Users/udit/Documents/Shekhar_Nature/revision_2/figures/manuscript_final/si_s19_seasonal_substitution_audit.pdf

==> Revenue robustness SI figure
/Users/udit/Documents/Shekhar_Nature/revision_2/figures/manuscript_final/si_revenue_benchmark_robustness.pdf

==> Revenue endpoint sensitivity SI figure

==> Hybrid revenue-profit SI figure

==> Figure 2(a) envelope SI figure
figure_png: /Users/udit/Documents/Shekhar_Nature/revision_2/figures/manuscript_final/si_figure2a_frontier_bootstrap.png
figure_pdf: /Users/udit/Documents/Shekhar_Nature/revision_2/figures/manuscript_final/si_figure2a_frontier_bootstrap.pdf
summary_csv: /Users/udit/Documents/Shekhar_Nature/revision_2/data/generated/figure2a_no_historical_cap_core_frontier_bootstrap/figure2a_no_historical_cap_core_frontier_bootstrap_summary.csv
audit_md: /Users/udit/Documents/Shekhar_Nature/revision_2/data/generated/figure2a_no_historical_cap_core_frontier_bootstrap/figure2a_no_historical_cap_core_frontier_bootstrap_audit.md

==> Source Data package rebuild
workbook: /Users/udit/Documents/Shekhar_Nature/revision_2/submission_assets/source_data/Source Data.xlsx
zip: /Users/udit/Documents/Shekhar_Nature/revision_2/submission_assets/source_data/Source_Data_package.zip
sheets: 22
items:
  - Fig1_abc: 734 rows x 16 cols
  - Fig1d_state_area: 157 rows x 5 cols
  - Fig2a_pareto: 101 rows x 33 cols
  - Fig2b_values: 20 rows x 6 cols
  - Fig2b_whiskers: 20 rows x 14 cols
  - Fig2c_retention: 11 rows x 10 cols
  - Fig2d_flows: 36 rows x 4 cols
  - Fig2d_areas: 4247 rows x 6 cols
  - Fig3a_state_area: 81 rows x 7 cols
  - Fig3b_edges: 988 rows x 8 cols
  - Fig3b_nodes: 32 rows x 2 cols
  - Fig3c_edges: 1260 rows x 5 cols
  - Fig3c_nodes: 36 rows x 2 cols
  - FigS16a_ratio: 6 rows x 6 cols
  - FigS16b_trade: 4 rows x 7 cols
  - FigS16c_cover: 6 rows x 7 cols
  - FigS17_values: 120 rows x 9 cols
  - FigS18_frontier: 101 rows x 19 cols
  - FigS19_sum: 24 rows x 5 cols
  - FigS19_flags: 120 rows x 9 cols

==> Final paper figure sync and exact-match verification
json: /Users/udit/Documents/Shekhar_Nature/revision_2/data/generated/final_paper_figure_sync/final_paper_figure_sync_report.json
markdown: /Users/udit/Documents/Shekhar_Nature/revision_2/data/generated/final_paper_figure_sync/final_paper_figure_sync_report.md
Figure 1	/Users/udit/Documents/Shekhar_Nature/revision_2/R_2_sources/article/fig1.pdf	match=True
Figure 2	/Users/udit/Documents/Shekhar_Nature/revision_2/R_2_sources/article/fig2_main_revision2.pdf	match=True
Figure 2	/Users/udit/Documents/Shekhar_Nature/revision_2/R_2_sources/article/fig2_t_r2.pdf	match=True
Figure 3	/Users/udit/Documents/Shekhar_Nature/revision_2/R_2_sources/article/fig3_1.pdf	match=True

==> HTML reproducibility report
html: /Users/udit/Documents/Shekhar_Nature/revision_2/submission_assets/audited_html_report/index.html
manifest: /Users/udit/Documents/Shekhar_Nature/revision_2/submission_assets/audited_html_report/repro_manifest.json

Audited revision-2 batch complete.
HTML report: /Users/udit/Documents/Shekhar_Nature/revision_2/submission_assets/audited_html_report/index.html
Manifest:    /Users/udit/Documents/Shekhar_Nature/revision_2/submission_assets/audited_html_report/repro_manifest.json
Log:         /Users/udit/Documents/Shekhar_Nature/revision_2/submission_assets/audited_html_report/logs/revision2_audited_batch_20260418T133930Z.log
