/Users/udit/Documents/Shekhar_Nature/revision_2/_audit/Nitrogen-Surplus-restructuring/repro/legacy_notebook_runner.py:80: Pandas4Warning: The 'mode.copy_on_write' option is deprecated. Copy-on-Write can no longer be disabled (it is always enabled with pandas >= 3.0), and setting the option has no impact. This option will be removed in pandas 4.0.
  pd.options.mode.copy_on_write = False
Traceback (most recent call last):
  File "/Users/udit/Documents/Shekhar_Nature/revision_2/_audit/Nitrogen-Surplus-restructuring/repro/legacy_notebook_runner.py", line 108, in execute_notebook
    exec(compile(rewritten, f"{config.notebook.name}:cell_{idx}", "exec"), namespace, namespace)
    ~~~~^^^^^^^^^^^^^^^^^^^^^^^^^^^^^^^^^^^^^^^^^^^^^^^^^^^^^^^^^^^^^^^^^^^^^^^^^^^^^^^^^^^^^^^^
  File "combinned_r_k_cultural_plot.ipynb:cell_1", line 2, in <module>
  File "/Users/udit/Documents/Shekhar_Nature/revision_2/_audit/Nitrogen-Surplus-restructuring/.venv/lib/python3.14/site-packages/pandas/io/parsers/readers.py", line 873, in read_csv
    return _read(filepath_or_buffer, kwds)
  File "/Users/udit/Documents/Shekhar_Nature/revision_2/_audit/Nitrogen-Surplus-restructuring/.venv/lib/python3.14/site-packages/pandas/io/parsers/readers.py", line 300, in _read
    parser = TextFileReader(filepath_or_buffer, **kwds)
  File "/Users/udit/Documents/Shekhar_Nature/revision_2/_audit/Nitrogen-Surplus-restructuring/.venv/lib/python3.14/site-packages/pandas/io/parsers/readers.py", line 1645, in __init__
    self._engine = self._make_engine(f, self.engine)
                   ~~~~~~~~~~~~~~~~~^^^^^^^^^^^^^^^^
  File "/Users/udit/Documents/Shekhar_Nature/revision_2/_audit/Nitrogen-Surplus-restructuring/.venv/lib/python3.14/site-packages/pandas/io/parsers/readers.py", line 1904, in _make_engine
    self.handles = get_handle(
                   ~~~~~~~~~~^
        f,
        ^^
    ...<6 lines>...
        storage_options=self.options.get("storage_options", None),
        ^^^^^^^^^^^^^^^^^^^^^^^^^^^^^^^^^^^^^^^^^^^^^^^^^^^^^^^^^^
    )
    ^
  File "/Users/udit/Documents/Shekhar_Nature/revision_2/_audit/Nitrogen-Surplus-restructuring/.venv/lib/python3.14/site-packages/pandas/io/common.py", line 926, in get_handle
    handle = open(
        handle,
    ...<3 lines>...
        newline="",
    )
FileNotFoundError: [Errno 2] No such file or directory: '/Users/udit/Documents/Shekhar_Nature/revision_2/_audit/Nitrogen-Surplus-restructuring/generated/rabi_n_wheat_cultural_gamma.csv'

The above exception was the direct cause of the following exception:

Traceback (most recent call last):
  File "/Users/udit/Documents/Shekhar_Nature/revision_2/_audit/Nitrogen-Surplus-restructuring/repro/legacy_notebook_runner.py", line 148, in main
    execute_notebook(config)
    ~~~~~~~~~~~~~~~~^^^^^^^^
  File "/Users/udit/Documents/Shekhar_Nature/revision_2/_audit/Nitrogen-Surplus-restructuring/repro/legacy_notebook_runner.py", line 111, in execute_notebook
    raise RuntimeError(
    ...<3 lines>...
    ) from exc
RuntimeError: Notebook execution failed in combinned_r_k_cultural_plot.ipynb at code cell 1.
First lines:
import pandas as pd 
results_df_r=pd.read_csv(r"/Users/udit/Documents/Shekhar_Nature/revision_2/_audit/Nitrogen-Surplus-restructuring/generated/rabi_n_wheat_cultural_gamma.csv")
results_df_k=pd.read_csv(r"/Users/udit/Documents/Shekhar_Nature/revision_2/_audit/Nitrogen-Surplus-restructuring/generated/kharif_n_rice_cultural_gamma.csv")
Original error: [Errno 2] No such file or directory: '/Users/udit/Documents/Shekhar_Nature/revision_2/_audit/Nitrogen-Surplus-restructuring/generated/rabi_n_wheat_cultural_gamma.csv'
