/Users/udit/Documents/Shekhar_Nature/revision_2/_audit/Nitrogen-Surplus-restructuring/repro/legacy_notebook_runner.py:80: Pandas4Warning: The 'mode.copy_on_write' option is deprecated. Copy-on-Write can no longer be disabled (it is always enabled with pandas >= 3.0), and setting the option has no impact. This option will be removed in pandas 4.0.
  pd.options.mode.copy_on_write = False
Welcome to the CBC MILP Solver 
Version: 2.10.3 
Build Date: Dec 15 2019 

command line - /Users/udit/Documents/Shekhar_Nature/revision_2/_audit/Nitrogen-Surplus-restructuring/.venv/lib/python3.14/site-packages/pulp/apis/../solverdir/cbc/osx/i64/cbc /var/folders/rq/t0617zdx09gfj3k7qybf5n5r0000gn/T/5552ae1b27274158a1380812e2af3e16-pulp.mps -timeMode elapsed -branch -printingOptions all -solution /var/folders/rq/t0617zdx09gfj3k7qybf5n5r0000gn/T/5552ae1b27274158a1380812e2af3e16-pulp.sol (default strategy 1)
At line 2 NAME          MODEL
At line 3 ROWS
At line 133349 COLUMNS
At line 363771 RHS
At line 497116 BOUNDS
At line 497117 ENDATA
Problem MODEL has 133344 rows, 113120 columns and 228426 elements
Coin0008I MODEL read with 0 errors
Option for timeMode changed from cpu to elapsed
Presolve determined that the problem was infeasible with tolerance of 1e-08
Analysis indicates model infeasible or unbounded
Perturbing problem by 0.001% of 2554.9121 - largest nonzero change 0.00084776845 ( 0.098267274%) - largest zero change 0.0008477684
0  Obj 3.5619893e+08 Primal inf 3.804194e+08 (758) Dual inf 87.867662 (4)
808  Obj 3.9168426e+09 Primal inf 46.307019 (467)
1337  Obj 3.916845e+09 Primal inf 3.4921217e-07 (1)
1337  Obj 3.916845e+09 Primal inf 3.4921217e-07 (1)
1337  Obj 3.916845e+09 Primal inf 3.4921217e-07 (1)
1337  Obj 3.916845e+09 Primal inf 3.4921217e-07 (1)
1337  Obj 3.916845e+09 Primal inf 3.4921217e-07 (1)
1337  Obj 3.916845e+09 Primal inf 3.4921217e-07 (1)
1337  Obj 3.9168284e+09 Primal inf 3.4921217e-07 (1)
Primal infeasible - objective value 3.9168284e+09
PrimalInfeasible objective 3916828372 - 1337 iterations time 0.152

Result - Linear relaxation infeasible

Enumerated nodes:           0
Total iterations:           0
Time (CPU seconds):         0.25
Time (Wallclock Seconds):   0.29

Option for printingOptions changed from normal to all
Total time (CPU seconds):       0.35   (Wallclock seconds):       0.40

Welcome to the CBC MILP Solver 
Version: 2.10.3 
Build Date: Dec 15 2019 

command line - /Users/udit/Documents/Shekhar_Nature/revision_2/_audit/Nitrogen-Surplus-restructuring/.venv/lib/python3.14/site-packages/pulp/apis/../solverdir/cbc/osx/i64/cbc /var/folders/rq/t0617zdx09gfj3k7qybf5n5r0000gn/T/ff4cfd7a9e374d27ab51072b12c415b4-pulp.mps -timeMode elapsed -branch -printingOptions all -solution /var/folders/rq/t0617zdx09gfj3k7qybf5n5r0000gn/T/ff4cfd7a9e374d27ab51072b12c415b4-pulp.sol (default strategy 1)
At line 2 NAME          MODEL
At line 3 ROWS
At line 133349 COLUMNS
At line 363771 RHS
At line 497116 BOUNDS
At line 497117 ENDATA
Problem MODEL has 133344 rows, 113120 columns and 228426 elements
Coin0008I MODEL read with 0 errors
Option for timeMode changed from cpu to elapsed
Presolve determined that the problem was infeasible with tolerance of 1e-08
Analysis indicates model infeasible or unbounded
Perturbing problem by 0.001% of 2554.9121 - largest nonzero change 0.00084776845 ( 0.098267274%) - largest zero change 0.0008477684
0  Obj 3.5634085e+08 Primal inf 3.8249829e+08 (783) Dual inf 87.867662 (4)
808  Obj 3.9233853e+09 Primal inf 47.324916 (480)
1351  Obj 3.9233878e+09 Primal inf 3.4921217e-07 (1)
1351  Obj 3.9233878e+09 Primal inf 3.4921217e-07 (1)
1351  Obj 3.9233878e+09 Primal inf 3.4921217e-07 (1)
1351  Obj 3.9233878e+09 Primal inf 3.4921217e-07 (1)
1351  Obj 3.9233878e+09 Primal inf 3.4921217e-07 (1)
1351  Obj 3.9233878e+09 Primal inf 3.4921217e-07 (1)
1351  Obj 3.9233712e+09 Primal inf 3.4921217e-07 (1)
Primal infeasible - objective value 3.9233712e+09
PrimalInfeasible objective 3923371173 - 1351 iterations time 0.152

Result - Linear relaxation infeasible

Enumerated nodes:           0
Total iterations:           0
Time (CPU seconds):         0.25
Time (Wallclock Seconds):   0.28

Option for printingOptions changed from normal to all
Total time (CPU seconds):       0.34   (Wallclock seconds):       0.39

Welcome to the CBC MILP Solver 
Version: 2.10.3 
Build Date: Dec 15 2019 

command line - /Users/udit/Documents/Shekhar_Nature/revision_2/_audit/Nitrogen-Surplus-restructuring/.venv/lib/python3.14/site-packages/pulp/apis/../solverdir/cbc/osx/i64/cbc /var/folders/rq/t0617zdx09gfj3k7qybf5n5r0000gn/T/d4e23b1d6bc04826a1bf319acc861d51-pulp.mps -timeMode elapsed -branch -printingOptions all -solution /var/folders/rq/t0617zdx09gfj3k7qybf5n5r0000gn/T/d4e23b1d6bc04826a1bf319acc861d51-pulp.sol (default strategy 1)
At line 2 NAME          MODEL
At line 3 ROWS
At line 133349 COLUMNS
At line 363771 RHS
At line 497116 BOUNDS
At line 497117 ENDATA
Problem MODEL has 133344 rows, 113120 columns and 228426 elements
Coin0008I MODEL read with 0 errors
Option for timeMode changed from cpu to elapsed
Presolve determined that the problem was infeasible with tolerance of 1e-08
Analysis indicates model infeasible or unbounded
Perturbing problem by 0.001% of 2554.9121 - largest nonzero change 0.00084776845 ( 0.098267274%) - largest zero change 0.0008477684
0  Obj 3.564864e+08 Primal inf 3.854686e+08 (784) Dual inf 87.867662 (4)
808  Obj 3.934469e+09 Primal inf 47.318554 (479)
1351  Obj 3.9344715e+09 Primal inf 3.4921217e-07 (1)
1351  Obj 3.9344715e+09 Primal inf 3.4921217e-07 (1)
1351  Obj 3.9344715e+09 Primal inf 3.4921217e-07 (1)
1351  Obj 3.9344715e+09 Primal inf 3.4921217e-07 (1)
1351  Obj 3.9344715e+09 Primal inf 3.4921217e-07 (1)
1351  Obj 3.9344715e+09 Primal inf 3.4921217e-07 (1)
1351  Obj 3.9344548e+09 Primal inf 3.4921217e-07 (1)
Primal infeasible - objective value 3.9344548e+09
PrimalInfeasible objective 3934454842 - 1351 iterations time 0.152

Result - Linear relaxation infeasible

Enumerated nodes:           0
Total iterations:           0
Time (CPU seconds):         0.25
Time (Wallclock Seconds):   0.28

Option for printingOptions changed from normal to all
Total time (CPU seconds):       0.35   (Wallclock seconds):       0.39

Welcome to the CBC MILP Solver 
Version: 2.10.3 
Build Date: Dec 15 2019 

command line - /Users/udit/Documents/Shekhar_Nature/revision_2/_audit/Nitrogen-Surplus-restructuring/.venv/lib/python3.14/site-packages/pulp/apis/../solverdir/cbc/osx/i64/cbc /var/folders/rq/t0617zdx09gfj3k7qybf5n5r0000gn/T/4f592b40a28d4088a6506adae6d48bc2-pulp.mps -timeMode elapsed -branch -printingOptions all -solution /var/folders/rq/t0617zdx09gfj3k7qybf5n5r0000gn/T/4f592b40a28d4088a6506adae6d48bc2-pulp.sol (default strategy 1)
At line 2 NAME          MODEL
At line 3 ROWS
At line 133349 COLUMNS
At line 363771 RHS
At line 497116 BOUNDS
At line 497117 ENDATA
Problem MODEL has 133344 rows, 113120 columns and 228426 elements
Coin0008I MODEL read with 0 errors
Option for timeMode changed from cpu to elapsed
Presolve determined that the problem was infeasible with tolerance of 1e-08
Analysis indicates model infeasible or unbounded
Perturbing problem by 0.001% of 2554.9121 - largest nonzero change 0.00084776845 ( 0.098267274%) - largest zero change 0.0008477684
0  Obj 3.5666385e+08 Primal inf 3.8947411e+08 (786) Dual inf 87.867662 (4)
808  Obj 3.9503283e+09 Primal inf 47.577219 (482)
1353  Obj 3.9503309e+09 Primal inf 3.4921217e-07 (1)
1353  Obj 3.9503309e+09 Primal inf 3.4921217e-07 (1)
1353  Obj 3.9503309e+09 Primal inf 3.4921217e-07 (1)
1353  Obj 3.9503309e+09 Primal inf 3.4921217e-07 (1)
1353  Obj 3.9503309e+09 Primal inf 3.4921217e-07 (1)
1353  Obj 3.9503309e+09 Primal inf 3.4921217e-07 (1)
1353  Obj 3.9503143e+09 Primal inf 3.4921217e-07 (1)
Primal infeasible - objective value 3.9503143e+09
PrimalInfeasible objective 3950314326 - 1353 iterations time 0.152

Result - Linear relaxation infeasible

Enumerated nodes:           0
Total iterations:           0
Time (CPU seconds):         0.25
Time (Wallclock Seconds):   0.28

Option for printingOptions changed from normal to all
Total time (CPU seconds):       0.34   (Wallclock seconds):       0.39

Welcome to the CBC MILP Solver 
Version: 2.10.3 
Build Date: Dec 15 2019 

command line - /Users/udit/Documents/Shekhar_Nature/revision_2/_audit/Nitrogen-Surplus-restructuring/.venv/lib/python3.14/site-packages/pulp/apis/../solverdir/cbc/osx/i64/cbc /var/folders/rq/t0617zdx09gfj3k7qybf5n5r0000gn/T/5f5cf7cf0ff3423c97df89f0d0c005b5-pulp.mps -timeMode elapsed -branch -printingOptions all -solution /var/folders/rq/t0617zdx09gfj3k7qybf5n5r0000gn/T/5f5cf7cf0ff3423c97df89f0d0c005b5-pulp.sol (default strategy 1)
At line 2 NAME          MODEL
At line 3 ROWS
At line 133349 COLUMNS
At line 363771 RHS
At line 497116 BOUNDS
At line 497117 ENDATA
Problem MODEL has 133344 rows, 113120 columns and 228426 elements
Coin0008I MODEL read with 0 errors
Option for timeMode changed from cpu to elapsed
Presolve determined that the problem was infeasible with tolerance of 1e-08
Analysis indicates model infeasible or unbounded
Perturbing problem by 0.001% of 2554.9121 - largest nonzero change 0.00084776845 ( 0.098267274%) - largest zero change 0.0008477684
0  Obj 3.568413e+08 Primal inf 3.9442203e+08 (786) Dual inf 87.867662 (4)
808  Obj 3.971346e+09 Primal inf 47.467019 (481)
1352  Obj 3.9713485e+09 Primal inf 3.4921217e-07 (1)
1352  Obj 3.9713485e+09 Primal inf 3.4921217e-07 (1)
1352  Obj 3.9713485e+09 Primal inf 3.4921217e-07 (1)
1352  Obj 3.9713485e+09 Primal inf 3.4921217e-07 (1)
1352  Obj 3.9713485e+09 Primal inf 3.4921217e-07 (1)
1352  Obj 3.9713485e+09 Primal inf 3.4921217e-07 (1)
1352  Obj 3.971332e+09 Primal inf 3.4921217e-07 (1)
Primal infeasible - objective value 3.971332e+09
PrimalInfeasible objective 3971332024 - 1352 iterations time 0.152

Result - Linear relaxation infeasible

Enumerated nodes:           0
Total iterations:           0
Time (CPU seconds):         0.25
Time (Wallclock Seconds):   0.28

Option for printingOptions changed from normal to all
Total time (CPU seconds):       0.34   (Wallclock seconds):       0.39

Welcome to the CBC MILP Solver 
Version: 2.10.3 
Build Date: Dec 15 2019 

command line - /Users/udit/Documents/Shekhar_Nature/revision_2/_audit/Nitrogen-Surplus-restructuring/.venv/lib/python3.14/site-packages/pulp/apis/../solverdir/cbc/osx/i64/cbc /var/folders/rq/t0617zdx09gfj3k7qybf5n5r0000gn/T/a9acdb5c0e7a46b0be31c3b8c665d270-pulp.mps -timeMode elapsed -branch -printingOptions all -solution /var/folders/rq/t0617zdx09gfj3k7qybf5n5r0000gn/T/a9acdb5c0e7a46b0be31c3b8c665d270-pulp.sol (default strategy 1)
At line 2 NAME          MODEL
At line 3 ROWS
At line 133349 COLUMNS
At line 363771 RHS
At line 497116 BOUNDS
At line 497117 ENDATA
Problem MODEL has 133344 rows, 113120 columns and 228426 elements
Coin0008I MODEL read with 0 errors
Option for timeMode changed from cpu to elapsed
Presolve determined that the problem was infeasible with tolerance of 1e-08
Analysis indicates model infeasible or unbounded
Perturbing problem by 0.001% of 2554.9121 - largest nonzero change 0.00084776845 ( 0.098267274%) - largest zero change 0.0008477684
0  Obj 3.5701875e+08 Primal inf 3.9937183e+08 (787) Dual inf 87.867662 (4)
808  Obj 3.9943971e+09 Primal inf 46.676138 (470)
1341  Obj 3.9943995e+09 Primal inf 3.4921217e-07 (1)
1341  Obj 3.9943995e+09 Primal inf 3.4921217e-07 (1)
1341  Obj 3.9943995e+09 Primal inf 3.4921217e-07 (1)
1341  Obj 3.9943995e+09 Primal inf 3.4921217e-07 (1)
1341  Obj 3.9943995e+09 Primal inf 3.4921217e-07 (1)
1341  Obj 3.9943995e+09 Primal inf 3.4921217e-07 (1)
1341  Obj 3.9943832e+09 Primal inf 3.4921217e-07 (1)
Primal infeasible - objective value 3.9943832e+09
PrimalInfeasible objective 3994383198 - 1341 iterations time 0.152

Result - Linear relaxation infeasible

Enumerated nodes:           0
Total iterations:           0
Time (CPU seconds):         0.25
Time (Wallclock Seconds):   0.29

Option for printingOptions changed from normal to all
Total time (CPU seconds):       0.35   (Wallclock seconds):       0.40

Welcome to the CBC MILP Solver 
Version: 2.10.3 
Build Date: Dec 15 2019 

command line - /Users/udit/Documents/Shekhar_Nature/revision_2/_audit/Nitrogen-Surplus-restructuring/.venv/lib/python3.14/site-packages/pulp/apis/../solverdir/cbc/osx/i64/cbc /var/folders/rq/t0617zdx09gfj3k7qybf5n5r0000gn/T/bb74c5265dd649cea2a791f3afd3693e-pulp.mps -timeMode elapsed -branch -printingOptions all -solution /var/folders/rq/t0617zdx09gfj3k7qybf5n5r0000gn/T/bb74c5265dd649cea2a791f3afd3693e-pulp.sol (default strategy 1)
At line 2 NAME          MODEL
At line 3 ROWS
At line 133349 COLUMNS
At line 363771 RHS
At line 497116 BOUNDS
At line 497117 ENDATA
Problem MODEL has 133344 rows, 113120 columns and 228426 elements
Coin0008I MODEL read with 0 errors
Option for timeMode changed from cpu to elapsed
Presolve determined that the problem was infeasible with tolerance of 1e-08
Analysis indicates model infeasible or unbounded
Perturbing problem by 0.001% of 2554.9121 - largest nonzero change 0.00084776845 ( 0.098267274%) - largest zero change 0.0008477684
0  Obj 3.571962e+08 Primal inf 4.0433984e+08 (787) Dual inf 87.867662 (4)
808  Obj 4.0263437e+09 Primal inf 48.341698 (489)
1358  Obj 4.0263463e+09 Primal inf 3.4921217e-07 (1)
1358  Obj 4.0263463e+09 Primal inf 3.4921217e-07 (1)
1358  Obj 4.0263463e+09 Primal inf 3.4921217e-07 (1)
1358  Obj 4.0263463e+09 Primal inf 3.4921217e-07 (1)
1358  Obj 4.0263463e+09 Primal inf 3.4921217e-07 (1)
1358  Obj 4.0263463e+09 Primal inf 3.4921217e-07 (1)
1358  Obj 4.0263299e+09 Primal inf 3.4921217e-07 (1)
Primal infeasible - objective value 4.0263299e+09
PrimalInfeasible objective 4026329917 - 1358 iterations time 0.142

Result - Linear relaxation infeasible

Enumerated nodes:           0
Total iterations:           0
Time (CPU seconds):         0.25
Time (Wallclock Seconds):   0.28

Option for printingOptions changed from normal to all
Total time (CPU seconds):       0.34   (Wallclock seconds):       0.39

Welcome to the CBC MILP Solver 
Version: 2.10.3 
Build Date: Dec 15 2019 

command line - /Users/udit/Documents/Shekhar_Nature/revision_2/_audit/Nitrogen-Surplus-restructuring/.venv/lib/python3.14/site-packages/pulp/apis/../solverdir/cbc/osx/i64/cbc /var/folders/rq/t0617zdx09gfj3k7qybf5n5r0000gn/T/6c221aa2db5443afb8d0dccf4dd59036-pulp.mps -timeMode elapsed -branch -printingOptions all -solution /var/folders/rq/t0617zdx09gfj3k7qybf5n5r0000gn/T/6c221aa2db5443afb8d0dccf4dd59036-pulp.sol (default strategy 1)
At line 2 NAME          MODEL
At line 3 ROWS
At line 133349 COLUMNS
At line 363771 RHS
At line 497116 BOUNDS
At line 497117 ENDATA
Problem MODEL has 133344 rows, 113120 columns and 228426 elements
Coin0008I MODEL read with 0 errors
Option for timeMode changed from cpu to elapsed
Presolve determined that the problem was infeasible with tolerance of 1e-08
Analysis indicates model infeasible or unbounded
Perturbing problem by 0.001% of 2554.9121 - largest nonzero change 0.00084776845 ( 0.098267274%) - largest zero change 0.0008477684
0  Obj 3.5737365e+08 Primal inf 4.0930786e+08 (787) Dual inf 87.867662 (4)
808  Obj 4.0804375e+09 Primal inf 50.694176 (514)
1376  Obj 4.0804403e+09 Primal inf 3.4921217e-07 (1)
1376  Obj 4.0804403e+09 Primal inf 3.4921217e-07 (1)
1376  Obj 4.0804403e+09 Primal inf 3.4921217e-07 (1)
1376  Obj 4.0804403e+09 Primal inf 3.4921217e-07 (1)
1376  Obj 4.0804403e+09 Primal inf 3.4921217e-07 (1)
1376  Obj 4.0804403e+09 Primal inf 3.4921217e-07 (1)
1376  Obj 4.0804239e+09 Primal inf 3.4921217e-07 (1)
Primal infeasible - objective value 4.0804239e+09
PrimalInfeasible objective 4080423898 - 1376 iterations time 0.152

Result - Linear relaxation infeasible

Enumerated nodes:           0
Total iterations:           0
Time (CPU seconds):         0.25
Time (Wallclock Seconds):   0.29

Option for printingOptions changed from normal to all
Total time (CPU seconds):       0.35   (Wallclock seconds):       0.40

Welcome to the CBC MILP Solver 
Version: 2.10.3 
Build Date: Dec 15 2019 

command line - /Users/udit/Documents/Shekhar_Nature/revision_2/_audit/Nitrogen-Surplus-restructuring/.venv/lib/python3.14/site-packages/pulp/apis/../solverdir/cbc/osx/i64/cbc /var/folders/rq/t0617zdx09gfj3k7qybf5n5r0000gn/T/8584c848d24649948863296a29684e6c-pulp.mps -timeMode elapsed -branch -printingOptions all -solution /var/folders/rq/t0617zdx09gfj3k7qybf5n5r0000gn/T/8584c848d24649948863296a29684e6c-pulp.sol (default strategy 1)
At line 2 NAME          MODEL
At line 3 ROWS
At line 133349 COLUMNS
At line 363771 RHS
At line 497116 BOUNDS
At line 497117 ENDATA
Problem MODEL has 133344 rows, 113120 columns and 228426 elements
Coin0008I MODEL read with 0 errors
Option for timeMode changed from cpu to elapsed
Presolve determined that the problem was infeasible with tolerance of 1e-08
Analysis indicates model infeasible or unbounded
Perturbing problem by 0.001% of 2554.9121 - largest nonzero change 0.00084776845 ( 0.098267274%) - largest zero change 0.0008477684
0  Obj 3.575511e+08 Primal inf 4.1427588e+08 (787) Dual inf 87.867662 (4)
808  Obj 4.1649077e+09 Primal inf 51.263907 (511)
1377  Obj 4.1649104e+09 Primal inf 3.4921217e-07 (1)
1377  Obj 4.1649104e+09 Primal inf 3.4921217e-07 (1)
1377  Obj 4.1649104e+09 Primal inf 3.4921217e-07 (1)
1377  Obj 4.1649104e+09 Primal inf 3.4921217e-07 (1)
1377  Obj 4.1649104e+09 Primal inf 3.4921217e-07 (1)
1377  Obj 4.1649104e+09 Primal inf 3.4921217e-07 (1)
1377  Obj 4.1648939e+09 Primal inf 3.4921217e-07 (1)
Primal infeasible - objective value 4.1648939e+09
PrimalInfeasible objective 4164893897 - 1377 iterations time 0.152

Result - Linear relaxation infeasible

Enumerated nodes:           0
Total iterations:           0
Time (CPU seconds):         0.25
Time (Wallclock Seconds):   0.28

Option for printingOptions changed from normal to all
Total time (CPU seconds):       0.35   (Wallclock seconds):       0.39

Welcome to the CBC MILP Solver 
Version: 2.10.3 
Build Date: Dec 15 2019 

command line - /Users/udit/Documents/Shekhar_Nature/revision_2/_audit/Nitrogen-Surplus-restructuring/.venv/lib/python3.14/site-packages/pulp/apis/../solverdir/cbc/osx/i64/cbc /var/folders/rq/t0617zdx09gfj3k7qybf5n5r0000gn/T/c9e1f79f9f634938ba616c230ec00c97-pulp.mps -timeMode elapsed -branch -printingOptions all -solution /var/folders/rq/t0617zdx09gfj3k7qybf5n5r0000gn/T/c9e1f79f9f634938ba616c230ec00c97-pulp.sol (default strategy 1)
At line 2 NAME          MODEL
At line 3 ROWS
At line 133349 COLUMNS
At line 363771 RHS
At line 497116 BOUNDS
At line 497117 ENDATA
Problem MODEL has 133344 rows, 113120 columns and 228426 elements
Coin0008I MODEL read with 0 errors
Option for timeMode changed from cpu to elapsed
Presolve determined that the problem was infeasible with tolerance of 1e-08
Analysis indicates model infeasible or unbounded
Perturbing problem by 0.001% of 2554.9121 - largest nonzero change 0.00084776845 ( 0.098267274%) - largest zero change 0.0008477684
0  Obj 3.5786883e+08 Primal inf 4.1923877e+08 (787) Dual inf 87.867662 (4)
808  Obj 4.2933523e+09 Primal inf 51.506173 (519)
1379  Obj 4.2933551e+09 Primal inf 3.4921217e-07 (1)
1379  Obj 4.2933551e+09 Primal inf 3.4921217e-07 (1)
1379  Obj 4.2933551e+09 Primal inf 3.4921217e-07 (1)
1379  Obj 4.2933551e+09 Primal inf 3.4921217e-07 (1)
1379  Obj 4.2933551e+09 Primal inf 3.4921217e-07 (1)
1379  Obj 4.2933551e+09 Primal inf 3.4921217e-07 (1)
1379  Obj 4.2933385e+09 Primal inf 3.4921217e-07 (1)
Primal infeasible - objective value 4.2933385e+09
PrimalInfeasible objective 4293338492 - 1379 iterations time 0.152

Result - Linear relaxation infeasible

Enumerated nodes:           0
Total iterations:           0
Time (CPU seconds):         0.25
Time (Wallclock Seconds):   0.28

Option for printingOptions changed from normal to all
Total time (CPU seconds):       0.35   (Wallclock seconds):       0.39

Welcome to the CBC MILP Solver 
Version: 2.10.3 
Build Date: Dec 15 2019 

command line - /Users/udit/Documents/Shekhar_Nature/revision_2/_audit/Nitrogen-Surplus-restructuring/.venv/lib/python3.14/site-packages/pulp/apis/../solverdir/cbc/osx/i64/cbc /var/folders/rq/t0617zdx09gfj3k7qybf5n5r0000gn/T/b32ae383dfed488cb613e70ea4646827-pulp.mps -timeMode elapsed -branch -printingOptions all -solution /var/folders/rq/t0617zdx09gfj3k7qybf5n5r0000gn/T/b32ae383dfed488cb613e70ea4646827-pulp.sol (default strategy 1)
At line 2 NAME          MODEL
At line 3 ROWS
At line 133349 COLUMNS
At line 363771 RHS
At line 497116 BOUNDS
At line 497117 ENDATA
Problem MODEL has 133344 rows, 113120 columns and 228426 elements
Coin0008I MODEL read with 0 errors
Option for timeMode changed from cpu to elapsed
Presolve determined that the problem was infeasible with tolerance of 1e-08
Analysis indicates model infeasible or unbounded
Perturbing problem by 0.001% of 2554.9121 - largest nonzero change 0.00084776845 ( 0.098267274%) - largest zero change 0.0008477684
0  Obj 1.1434475e+09 Primal inf 3.5894585e+08 (790) Dual inf 87.867662 (4)
455  Obj 4.546636e+09 Primal inf 984443.35 (676)
Primal infeasible - objective value 4.546636e+09
PrimalInfeasible objective 4546635972 - 455 iterations time 0.092

Result - Linear relaxation infeasible

Enumerated nodes:           0
Total iterations:           0
Time (CPU seconds):         0.19
Time (Wallclock Seconds):   0.22

Option for printingOptions changed from normal to all
Total time (CPU seconds):       0.30   (Wallclock seconds):       0.34

Traceback (most recent call last):
  File "/Users/udit/Documents/Shekhar_Nature/revision_2/_audit/Nitrogen-Surplus-restructuring/repro/legacy_notebook_runner.py", line 108, in execute_notebook
    exec(compile(rewritten, f"{config.notebook.name}:cell_{idx}", "exec"), namespace, namespace)
    ~~~~^^^^^^^^^^^^^^^^^^^^^^^^^^^^^^^^^^^^^^^^^^^^^^^^^^^^^^^^^^^^^^^^^^^^^^^^^^^^^^^^^^^^^^^^
  File "kharif_n_culture.ipynb:cell_14", line 1, in <module>
  File "/Users/udit/Documents/Shekhar_Nature/revision_2/_audit/Nitrogen-Surplus-restructuring/.venv/lib/python3.14/site-packages/pandas/io/parsers/readers.py", line 873, in read_csv
    return _read(filepath_or_buffer, kwds)
  File "/Users/udit/Documents/Shekhar_Nature/revision_2/_audit/Nitrogen-Surplus-restructuring/.venv/lib/python3.14/site-packages/pandas/io/parsers/readers.py", line 300, in _read
    parser = TextFileReader(filepath_or_buffer, **kwds)
  File "/Users/udit/Documents/Shekhar_Nature/revision_2/_audit/Nitrogen-Surplus-restructuring/.venv/lib/python3.14/site-packages/pandas/io/parsers/readers.py", line 1645, in __init__
    self._engine = self._make_engine(f, self.engine)
                   ~~~~~~~~~~~~~~~~~^^^^^^^^^^^^^^^^
  File "/Users/udit/Documents/Shekhar_Nature/revision_2/_audit/Nitrogen-Surplus-restructuring/.venv/lib/python3.14/site-packages/pandas/io/parsers/readers.py", line 1904, in _make_engine
    self.handles = get_handle(
                   ~~~~~~~~~~^
        f,
        ^^
    ...<6 lines>...
        storage_options=self.options.get("storage_options", None),
        ^^^^^^^^^^^^^^^^^^^^^^^^^^^^^^^^^^^^^^^^^^^^^^^^^^^^^^^^^^
    )
    ^
  File "/Users/udit/Documents/Shekhar_Nature/revision_2/_audit/Nitrogen-Surplus-restructuring/.venv/lib/python3.14/site-packages/pandas/io/common.py", line 926, in get_handle
    handle = open(
        handle,
    ...<3 lines>...
        newline="",
    )
FileNotFoundError: [Errno 2] No such file or directory: '/Users/udit/Documents/Shekhar_Nature/revision_2/_audit/Nitrogen-Surplus-restructuring/generated/kharif_n_rice_cultural_gamma.csv'

The above exception was the direct cause of the following exception:

Traceback (most recent call last):
  File "/Users/udit/Documents/Shekhar_Nature/revision_2/_audit/Nitrogen-Surplus-restructuring/repro/legacy_notebook_runner.py", line 148, in main
    execute_notebook(config)
    ~~~~~~~~~~~~~~~~^^^^^^^^
  File "/Users/udit/Documents/Shekhar_Nature/revision_2/_audit/Nitrogen-Surplus-restructuring/repro/legacy_notebook_runner.py", line 111, in execute_notebook
    raise RuntimeError(
    ...<3 lines>...
    ) from exc
RuntimeError: Notebook execution failed in kharif_n_culture.ipynb at code cell 14.
First lines:
results_df_k=pd.read_csv(r"/Users/udit/Documents/Shekhar_Nature/revision_2/_audit/Nitrogen-Surplus-restructuring/generated/kharif_n_rice_cultural_gamma.csv")
Original error: [Errno 2] No such file or directory: '/Users/udit/Documents/Shekhar_Nature/revision_2/_audit/Nitrogen-Surplus-restructuring/generated/kharif_n_rice_cultural_gamma.csv'
All NaN values filled
Original Total Nitrogen Applied kg: 7073088064.064434
Original Total Nitrogen Surplus generated kg: 5235454712.077634
Original Total Nitrogen leach generated kg: 1662459417.7971756
Original Total Nitrogen emission generated kg: 181665238.16952565
Original Total phosphorus Applied kg: 2423340912.7607045
Original Total phosphorus Surplus generated kg: 2007332811.1031046
Original Total water Applied: 357578043601.2221
