/Users/udit/Documents/Shekhar_Nature/revision_2/_audit/Nitrogen-Surplus-restructuring/repro/legacy_notebook_runner.py:80: Pandas4Warning: The 'mode.copy_on_write' option is deprecated. Copy-on-Write can no longer be disabled (it is always enabled with pandas >= 3.0), and setting the option has no impact. This option will be removed in pandas 4.0.
  pd.options.mode.copy_on_write = False
Welcome to the CBC MILP Solver 
Version: 2.10.3 
Build Date: Dec 15 2019 

command line - /Users/udit/Documents/Shekhar_Nature/revision_2/_audit/Nitrogen-Surplus-restructuring/.venv/lib/python3.14/site-packages/pulp/apis/../solverdir/cbc/osx/i64/cbc /var/folders/rq/t0617zdx09gfj3k7qybf5n5r0000gn/T/ccdc7fbace634e6d9cfcf6d4856a7c99-pulp.mps -timeMode elapsed -branch -printingOptions all -solution /var/folders/rq/t0617zdx09gfj3k7qybf5n5r0000gn/T/ccdc7fbace634e6d9cfcf6d4856a7c99-pulp.sol (default strategy 1)
At line 2 NAME          MODEL
At line 3 ROWS
At line 133317 COLUMNS
At line 363032 RHS
At line 496345 BOUNDS
At line 496346 ENDATA
Problem MODEL has 133312 rows, 113120 columns and 227719 elements
Coin0008I MODEL read with 0 errors
Option for timeMode changed from cpu to elapsed
Presolve determined that the problem was infeasible with tolerance of 1e-08
Analysis indicates model infeasible or unbounded
Perturbing problem by 0.001% of 2554.9121 - largest nonzero change 0.00084723696 ( 0.098267274%) - largest zero change 0.00084723364
0  Obj 3.5619831e+08 Primal inf 3.804194e+08 (758) Dual inf 87.867662 (4)
808  Obj 3.9168392e+09 Primal inf 46.05562 (465)
1336  Obj 3.9168417e+09 Primal inf 3.4921217e-07 (1)
1336  Obj 3.9168417e+09 Primal inf 3.4921217e-07 (1)
1336  Obj 3.9168417e+09 Primal inf 3.4921217e-07 (1)
1336  Obj 3.9168417e+09 Primal inf 3.4921217e-07 (1)
1336  Obj 3.9168417e+09 Primal inf 3.4921217e-07 (1)
1336  Obj 3.9168417e+09 Primal inf 3.4921217e-07 (1)
1336  Obj 3.9168284e+09 Primal inf 3.4921217e-07 (1)
Primal infeasible - objective value 3.9168284e+09
PrimalInfeasible objective 3916828372 - 1336 iterations time 0.152

Result - Linear relaxation infeasible

Enumerated nodes:           0
Total iterations:           0
Time (CPU seconds):         0.25
Time (Wallclock Seconds):   0.29

Option for printingOptions changed from normal to all
Total time (CPU seconds):       0.35   (Wallclock seconds):       0.40

All NaN values filled
Original Total Nitrogen Applied kg: 7073088064.064434
Original Total Nitrogen Surplus generated kg: 5235454712.077634
Original Total Nitrogen leach generated kg: 1662459417.7971756
Original Total Nitrogen emission generated kg: 181665238.16952565
Original Total phosphorus Applied kg: 2423340912.7607045
Original Total phosphorus Surplus generated kg: 2007332811.1031046
Original Total water Applied: 357578043601.2221
optimized total nitrogen surplus 3916828372.8487606
Status: Infeasible
Status: Infeasible
Original Total Nitrogen Applied kg: 7073088064.064434
Original Total Nitrogen Surplus generated kg: 5235454712.077634
Original Total phosphorus Applied kg: 2423340912.7607045
Original Total phosphorus Surplus generated kg: 2007332811.1031046
Original Total water Applied: 357578043601.2221
optimal water: 211083285112.58072
 original_total_calorie: 482197590741520.0
 original_total_msp: 2113422539414.4
 original_total_profit: 2026004518315.724
optimized total nitrogen surplus 3916828372.8487606
Status: Infeasible
optimized total Phosphorus surplus 1488696028.5222235
Status: Infeasible
% reduction in net p surplus : 25.837109806214485
optimized total Phosphorus applied 1940553754.3059638
% reduction in net p applied : 19.922378890749744
% reduction in net nitrogen surplus : 25.186472078288507
optimized total Nitrogen applied 5814477641.395285
% reduction in net N applied : 17.79435532640477
optimized total nitrogen leach 1325215232.6399481
optimized total nitrogen emission 134382856.4692966
% reduction in N leach generated Kg : 20.28585970562153
% reduction in N emission generated Kg : 26.027203760416874
% reduction in net water applied : 40.96861121932172
% reduction in Total calorie produced: -1.9894953952561605
% reduction in Total MSP produced: -0.8439234768383165
optimal  Total MSP produced: 2131258208389.3105
 original_total_cop: 2040595949750.8877
optimal Total cost of cultivation produced: 1978556605189.5857
 original_total_profit: 72826589663.51236
 Total optimal profit produced: 152701603199.72498
% reduction in Total profit produced: -109.6783659721906
 original_total_AGHG_(Mg CO2e): 333216562.1055026
 OOptimal_total_AGHG_(Mg CO2e): 233965672.32067874
% reduction in Total AGHG produced: 29.785701274175914
