/Users/udit/Documents/Shekhar_Nature/revision_2/_audit/Nitrogen-Surplus-restructuring/repro/legacy_notebook_runner.py:80: Pandas4Warning: The 'mode.copy_on_write' option is deprecated. Copy-on-Write can no longer be disabled (it is always enabled with pandas >= 3.0), and setting the option has no impact. This option will be removed in pandas 4.0.
  pd.options.mode.copy_on_write = False
Welcome to the CBC MILP Solver 
Version: 2.10.3 
Build Date: Dec 15 2019 

command line - /Users/udit/Documents/Shekhar_Nature/revision_2/_audit/Nitrogen-Surplus-restructuring/.venv/lib/python3.14/site-packages/pulp/apis/../solverdir/cbc/osx/i64/cbc /var/folders/rq/t0617zdx09gfj3k7qybf5n5r0000gn/T/1489b4d5bed34023955f5d4cf9b7ae70-pulp.mps -timeMode elapsed -branch -printingOptions all -solution /var/folders/rq/t0617zdx09gfj3k7qybf5n5r0000gn/T/1489b4d5bed34023955f5d4cf9b7ae70-pulp.sol (default strategy 1)
At line 2 NAME          MODEL
At line 3 ROWS
At line 133317 COLUMNS
At line 363032 RHS
At line 496345 BOUNDS
At line 496346 ENDATA
Problem MODEL has 133312 rows, 113120 columns and 227719 elements
Coin0008I MODEL read with 0 errors
Option for timeMode changed from cpu to elapsed
Presolve determined that the problem was infeasible with tolerance of 1e-08
Analysis indicates model infeasible or unbounded
Perturbing problem by 0.001% of 5585425.2 - largest nonzero change 0.05576429 ( 0.050685952%) - largest zero change 0.055708106
0  Obj 1.9753281e+10 Primal inf 3.804194e+08 (758)
808  Obj 1.8039112e+11 Primal inf 37.64371 (415)
1272  Obj 1.8039118e+11 Primal inf 3.4921217e-07 (1)
1272  Obj 1.8039118e+11 Primal inf 3.4921217e-07 (1)
1272  Obj 1.8039118e+11 Primal inf 3.4921217e-07 (1)
1272  Obj 1.8039118e+11 Primal inf 3.4921217e-07 (1)
1272  Obj 1.8039118e+11 Primal inf 3.4921217e-07 (1)
1272  Obj 1.8039118e+11 Primal inf 3.4921217e-07 (1)
1272  Obj 1.8038888e+11 Primal inf 3.4921217e-07 (1)
Primal infeasible - objective value 1.8038888e+11
PrimalInfeasible objective 1.803888781e+11 - 1272 iterations time 0.142

Result - Linear relaxation infeasible

Enumerated nodes:           0
Total iterations:           0
Time (CPU seconds):         0.24
Time (Wallclock Seconds):   0.26

Option for printingOptions changed from normal to all
Total time (CPU seconds):       0.33   (Wallclock seconds):       0.37

All NaN values filled
Original Total Nitrogen Applied kg: 7073088064.064434
Original Total Nitrogen Surplus generated kg: 5235454712.077634
Original Total Nitrogen leach generated kg: 1662459417.7971756
Original Total Nitrogen emission generated kg: 181665238.16952565
Original Total phosphorus Applied kg: 2423340912.7607045
Original Total phosphorus Surplus generated kg: 2007332811.1031046
Original Total water Applied: 357578043601.2221
optimized_total_water 180388878052.06845
Status: Infeasible
% reduction in net water applied : 49.5525854341209
Original Total Nitrogen Applied kg: 7073088064.064434
Original Total Nitrogen Surplus generated kg: 5235454712.077634
Original Total phosphorus Applied kg: 2423340912.7607045
Original Total phosphorus Surplus generated kg: 2007332811.1031046
Original Total water Applied: 357578043601.2221
 original_total_calorie: 482197590741520.0
 original_total_msp: 2113422539414.4
optimized total nitrogen surplus 4327549551.5870495
Status: Infeasible
optimized total Phosphorus surplus 1556920530.438852
Status: Infeasible
% reduction in net p surplus : 22.438345957028126
optimized total Phosphorus applied 2028951875.5955534
% reduction in net p applied : 16.274599875254758
% reduction in net nitrogen surplus : 17.341476727821643
optimized total Nitrogen applied 6268540099.728102
% reduction in net N applied : 11.3747765763574
optimized total nitrogen leach 1448230499.9041467
optimized total nitrogen emission 148962958.88373178
% reduction in N leach generated Kg : 12.886264506648274
% reduction in N emission generated Kg : 18.00139620287558
% reduction in Total calorie produced: -4.3697089556567175
% reduction in Total MSP produced: -2.6189147698427844
optimal  Total MSP produced: 2168771274448.31
 original_total_cop: 2040595949750.8877
optimal Total cost of cultivation produced: 2019248967536.649
 original_total_profit: 72826589663.51236
 Total optimal profit produced: 149522306911.66107
% reduction in Total profit produced: -105.3127952338744
 original_total_AGHG_(Mg CO2e): 333216562.1055026
 OOptimal_total_AGHG_(Mg CO2e): 191840996.7480639
% reduction in Total AGHG produced: 42.42753255244154
