/Users/udit/Documents/Shekhar_Nature/revision_2/_audit/Nitrogen-Surplus-restructuring/repro/legacy_notebook_runner.py:80: Pandas4Warning: The 'mode.copy_on_write' option is deprecated. Copy-on-Write can no longer be disabled (it is always enabled with pandas >= 3.0), and setting the option has no impact. This option will be removed in pandas 4.0.
  pd.options.mode.copy_on_write = False
Welcome to the CBC MILP Solver 
Version: 2.10.3 
Build Date: Dec 15 2019 

command line - /Users/udit/Documents/Shekhar_Nature/revision_2/_audit/Nitrogen-Surplus-restructuring/.venv/lib/python3.14/site-packages/pulp/apis/../solverdir/cbc/osx/i64/cbc /var/folders/rq/t0617zdx09gfj3k7qybf5n5r0000gn/T/80b8518a95d940d98892de9d8040ffe2-pulp.mps -timeMode elapsed -branch -printingOptions all -solution /var/folders/rq/t0617zdx09gfj3k7qybf5n5r0000gn/T/80b8518a95d940d98892de9d8040ffe2-pulp.sol (default strategy 1)
At line 2 NAME          MODEL
At line 3 ROWS
At line 148737 COLUMNS
At line 407836 RHS
At line 556569 BOUNDS
At line 556570 ENDATA
Problem MODEL has 148732 rows, 129024 columns and 257659 elements
Coin0008I MODEL read with 0 errors
Option for timeMode changed from cpu to elapsed
Presolve determined that the problem was infeasible with tolerance of 1e-08
Analysis indicates model infeasible or unbounded
Perturbing problem by 0.001% of 216.30845 - largest nonzero change 0.00078887583 ( 0.031787407%) - largest zero change 0.00011315357
0  Obj 9.1242084e+08 Primal inf 75341610 (708) Dual inf 47.890729 (13)
846  Obj 2.4783777e+09 Primal inf 29.865452 (338)
1488  Obj 2.4783789e+09
Optimal - objective value 2.4783648e+09
Optimal objective 2478364822 - 1488 iterations time 0.122
Option for printingOptions changed from normal to all
Total time (CPU seconds):       0.35   (Wallclock seconds):       0.40

Traceback (most recent call last):
  File "/Users/udit/Documents/Shekhar_Nature/revision_2/_audit/Nitrogen-Surplus-restructuring/repro/legacy_notebook_runner.py", line 108, in execute_notebook
    exec(compile(rewritten, f"{config.notebook.name}:cell_{idx}", "exec"), namespace, namespace)
    ~~~~^^^^^^^^^^^^^^^^^^^^^^^^^^^^^^^^^^^^^^^^^^^^^^^^^^^^^^^^^^^^^^^^^^^^^^^^^^^^^^^^^^^^^^^^
  File "rabi__nitrogen_kharif_cop.ipynb:cell_33", line 7, in <module>
NameError: name 'percentage_changes' is not defined. Did you mean: 'percentage_change_p'?

The above exception was the direct cause of the following exception:

Traceback (most recent call last):
  File "/Users/udit/Documents/Shekhar_Nature/revision_2/_audit/Nitrogen-Surplus-restructuring/repro/legacy_notebook_runner.py", line 148, in main
    execute_notebook(config)
    ~~~~~~~~~~~~~~~~^^^^^^^^
  File "/Users/udit/Documents/Shekhar_Nature/revision_2/_audit/Nitrogen-Surplus-restructuring/repro/legacy_notebook_runner.py", line 111, in execute_notebook
    raise RuntimeError(
    ...<3 lines>...
    ) from exc
RuntimeError: Notebook execution failed in rabi__nitrogen_kharif_cop.ipynb at code cell 33.
First lines:
# Extracting the data for plotting directly from the total_data calculation results
total_data[['% change in water', '% change in nitrogen', '% change in Phosphorus', 
            '% change in nitrogen applied', '% change in Phosphorus applied', 
            '% change in calorie', '% change in profit', '% change in AGHG','% change in N leaach','% change in N emission']]

# Converting Series to a dictionary for easier manipulation
percentage_changes_dict = percentage_changes.to_dict()

# Convert negative values to positive for plotting on the right side and determine color based on sign
values = [abs(value) for value in percentage_changes_dict.values()]
categories = list(percentage_changes_dict.keys())
colors = ['green' if value >= 0 else 'red' for value in percentage_changes_dict.values()]
# Adjusting the plot logic based on the new requirement:
# Positive values should be plotted on the negative side of the X-axis and vice versa.

# Determine the side of the bar based on the sign of the original value, reversing the logic
values_adjusted = [-abs(value) if value >= 0 else abs(value) for value in percentage_changes_dict.values()]

# Plotting with the adjusted logic
fig, ax = plt.subplots()
Original error: name 'percentage_changes' is not defined
<class 'pandas.DataFrame'>
RangeIndex: 16560 entries, 0 to 16559
Data columns (total 23 columns):
 #   Column                         Non-Null Count  Dtype  
---  ------                         --------------  -----  
 0   Unnamed: 0                     16560 non-null  int64  
 1   state                          16560 non-null  str    
 2   district                       16553 non-null  str    
 3   Year                           16560 non-null  int64  
 4   Season                         16560 non-null  str    
 5   crop                           16560 non-null  str    
 6   Area (Hectare)                 16560 non-null  float64
 7   Production (Tonnes)            16560 non-null  float64
 8   Yield (Tonnes/Hectare)         16560 non-null  float64
 9   N_applied(kg/ha)               11860 non-null  float64
 10  P_applied(kg/ha)               11860 non-null  float64
 11  K_applied(kg/ha)               11860 non-null  float64
 12  Manure (kg/ha)                 11860 non-null  float64
 13  calorie_per_100g               16560 non-null  int64  
 14  MSP_RsperQntl                  13115 non-null  float64
 15  CostofCultivation_rs_ha        5114 non-null   float64
 16  CWR_y                          12486 non-null  float64
 17  CWU green_y                    12486 non-null  float64
 18  CWU blue_y                     12486 non-null  float64
 19  CWR m3/ha                      12486 non-null  float64
 20  CWU green m3/ha                12486 non-null  float64
 21  CWU blue m3/ha                 12486 non-null  float64
 22  Cost_of_Production_rs_Quintal  3156 non-null   float64
dtypes: float64(16), int64(3), str(4)
memory usage: 2.9 MB
All NaN values filled
Original Total Nitrogen Applied kg: 5698688422.457741
Original Total Nitrogen Surplus generated kg: 2973158456.255741
Original Total Nitrogen leach generated kg: 694712008.0456561
Original Total Nitrogen emission generated kg: 103722360.61934213
Original Total phosphorus Applied kg: 2116092844.320122
Original Total phosphorus Surplus generated kg: 1550559011.988122
Original Total water Applied: 106481488741.27066
optimized total nitrogen surplus 2478364820.9130616
Status: Optimal
Status: Optimal
Original Total Nitrogen Applied kg: 5698688422.457741
Original Total Nitrogen Surplus generated kg: 2973158456.255741
Original Total phosphorus Applied kg: 2116092844.320122
Original Total phosphorus Surplus generated kg: 1550559011.988122
Original Total water Applied: 106481488741.27066
 original_total_calorie: 464430120906600.0
 original_total_msp: 2398554609280.0
 original_total_profit: 1832168422788.8083
optimized total nitrogen surplus 2478364820.9130616
Status: Optimal
optimized total Phosphorus surplus 1317230822.2468507
Status: Optimal
% reduction in net p surplus : 15.048004489819359
optimized total Phosphorus applied 1883144604.9120376
% reduction in net p applied : 11.008412983076278
% reduction in net nitrogen surplus : 16.642020350499575
optimized total Nitrogen applied 5136373049.304674
% reduction in net N applied : 9.86745249901819
optimized total nitrogen leach 558430559.529935
optimized total nitrogen emission 85112280.22704434
% reduction in N leach generated Kg : 19.61697033265686
% reduction in N emission generated Kg : 17.94220675385148
% reduction in net water applied : 20.52293739202833
% reduction in Total calorie produced: -1.2646440923114115
% reduction in Total MSP produced: 1.1357564781513951
optimal  Total MSP produced: 2371312869923.1035
 original_total_cop: 1928763400130.6172
optimal Total cost of cultivation produced: 1948594878618.568
 original_total_profit: 469791209149.3829
 Total optimal profit produced: 422717991304.53546
% reduction in Total profit produced: 10.020029521216351
 original_total_AGHG_(Mg CO2e): 60997128.696840085
 OOptimal_total_AGHG_(Mg CO2e): 44686857.80151834
% reduction in Total AGHG produced: 26.7394076471778
