/Users/udit/Documents/Shekhar_Nature/revision_2/_audit/Nitrogen-Surplus-restructuring/repro/legacy_notebook_runner.py:80: Pandas4Warning: The 'mode.copy_on_write' option is deprecated. Copy-on-Write can no longer be disabled (it is always enabled with pandas >= 3.0), and setting the option has no impact. This option will be removed in pandas 4.0.
  pd.options.mode.copy_on_write = False
Welcome to the CBC MILP Solver 
Version: 2.10.3 
Build Date: Dec 15 2019 

command line - /Users/udit/Documents/Shekhar_Nature/revision_2/_audit/Nitrogen-Surplus-restructuring/.venv/lib/python3.14/site-packages/pulp/apis/../solverdir/cbc/osx/i64/cbc /var/folders/rq/t0617zdx09gfj3k7qybf5n5r0000gn/T/ee3204df004a4f56b8863e1f2d68959e-pulp.mps -timeMode elapsed -branch -printingOptions all -solution /var/folders/rq/t0617zdx09gfj3k7qybf5n5r0000gn/T/ee3204df004a4f56b8863e1f2d68959e-pulp.sol (default strategy 1)
At line 2 NAME          MODEL
At line 3 ROWS
At line 148737 COLUMNS
At line 407836 RHS
At line 556569 BOUNDS
At line 556570 ENDATA
Problem MODEL has 148732 rows, 129024 columns and 257659 elements
Coin0008I MODEL read with 0 errors
Option for timeMode changed from cpu to elapsed
Presolve determined that the problem was infeasible with tolerance of 1e-08
Analysis indicates model infeasible or unbounded
Perturbing problem by 0.001% of 45803.973 - largest nonzero change 0.035588375 ( 0.017774612%) - largest zero change 0.022906854
0  Obj 2.6047374e+10 Primal inf 75341610 (708)
846  Obj 7.5454841e+10 Primal inf 28.552505 (314)
1480  Obj 7.5454874e+10
Optimal - objective value 7.5453579e+10
Optimal objective 7.545357902e+10 - 1480 iterations time 0.122
Option for printingOptions changed from normal to all
Total time (CPU seconds):       0.35   (Wallclock seconds):       0.41

All NaN values filled
Original Total Nitrogen Applied kg: 5698688422.457741
Original Total Nitrogen Surplus generated kg: 2973158456.255741
Original Total Nitrogen leach generated kg: 694712008.0456561
Original Total Nitrogen emission generated kg: 103722360.61934213
Original Total phosphorus Applied kg: 2116092844.320122
Original Total phosphorus Surplus generated kg: 1550559011.988122
Original Total water Applied: 106481488741.27066
Status: Optimal
Original Total Nitrogen Applied kg: 5698688422.457741
Original Total Nitrogen Surplus generated kg: 2973158456.255741
Original Total phosphorus Applied kg: 2116092844.320122
Original Total phosphorus Surplus generated kg: 1550559011.988122
Original Total water Applied: 106481488741.27066
% reduction in net water applied : 29.13925236018093
 original_total_calorie: 464430120906600.0
 original_total_msp: 2398554609280.0
 original_total_profit: 469791209149.3829
 Total optimal profit produced: 507145794163.603
% reduction in Total profit produced: -7.951316305355184
optimized total nitrogen surplus 2811361373.8503246
Status: Optimal
optimized total Phosphorus surplus 1489451020.9528723
Status: Optimal
% reduction in net p surplus : 3.9410296907627678
optimized total Phosphorus applied 2074928232.5206337
% reduction in net p applied : 1.945312178053986
% reduction in net nitrogen surplus : 5.441925978246591
optimized total Nitrogen applied 5535037615.407244
% reduction in net N applied : 2.8717275786753302
optimized total nitrogen leach 637492651.3165144
optimized total nitrogen emission 97066638.88247338
% reduction in N leach generated Kg : 8.236413948005529
% reduction in N emission generated Kg : 6.416862957154483
% reduction in Total calorie produced: -4.888088970073371
% reduction in Total AGHG produced: 40.58530762156421
% reduction in Total MSP produced: -1.3298622428673064
optimal  Total MSP produced: 2430452081403.368
optimal Total cost of cultivation produced: 49459671444.39293
