/Users/udit/Documents/Shekhar_Nature/revision_2/_audit/Nitrogen-Surplus-restructuring/repro/legacy_notebook_runner.py:80: Pandas4Warning: The 'mode.copy_on_write' option is deprecated. Copy-on-Write can no longer be disabled (it is always enabled with pandas >= 3.0), and setting the option has no impact. This option will be removed in pandas 4.0.
  pd.options.mode.copy_on_write = False
Traceback (most recent call last):
  File "/Users/udit/Documents/Shekhar_Nature/revision_2/_audit/Nitrogen-Surplus-restructuring/repro/legacy_notebook_runner.py", line 108, in execute_notebook
    exec(compile(rewritten, f"{config.notebook.name}:cell_{idx}", "exec"), namespace, namespace)
    ~~~~^^^^^^^^^^^^^^^^^^^^^^^^^^^^^^^^^^^^^^^^^^^^^^^^^^^^^^^^^^^^^^^^^^^^^^^^^^^^^^^^^^^^^^^^
  File "rabi_n_cultural_cop.ipynb:cell_6", line 204, in <module>
NameError: name 'original_N_surplus' is not defined. Did you mean: 'original_N_surplus_value'?

The above exception was the direct cause of the following exception:

Traceback (most recent call last):
  File "/Users/udit/Documents/Shekhar_Nature/revision_2/_audit/Nitrogen-Surplus-restructuring/repro/legacy_notebook_runner.py", line 148, in main
    execute_notebook(config)
    ~~~~~~~~~~~~~~~~^^^^^^^^
  File "/Users/udit/Documents/Shekhar_Nature/revision_2/_audit/Nitrogen-Surplus-restructuring/repro/legacy_notebook_runner.py", line 111, in execute_notebook
    raise RuntimeError(
    ...<3 lines>...
    ) from exc
RuntimeError: Notebook execution failed in rabi_n_cultural_cop.ipynb at code cell 6.
First lines:
df = rabi_2017
#del df['Unnamed: 0']
# Renaming the column
df.rename(columns={'district': 'District'}, inplace=True)
df.rename(columns={'state': 'State'}, inplace=True)
df.rename(columns={'crop': 'Crop'}, inplace=True)


#finding maximum area 
rabi_max.rename(columns={'district': 'District'}, inplace=True)
rabi_max.rename(columns={'state': 'State'}, inplace=True)
rabi_max.rename(columns={'crop': 'Crop'}, inplace=True)
rabi_max['Crop'] = rabi_max['Crop'].str.lower().str.strip()




 #  only rabi crop 
# Step 1: Filter the DataFrame
selected_crops = ['bajra', 'jowar', 'ragi', 'rice'
Original error: name 'original_N_surplus' is not defined
All NaN values filled
Original Total Nitrogen Applied kg: 5698688422.457741
